<?xml version="1.0" encoding="UTF-8"?>
<testsuite xmlns:xsi="http://www.w3.org/2001/XMLSchema-instance" xsi:noNamespaceSchemaLocation="https://maven.apache.org/surefire/maven-surefire-plugin/xsd/surefire-test-report-3.0.xsd" version="3.0" name="com.example.TaskManagerTest" time="0.135" tests="8" errors="0" skipped="0" failures="0">
  <properties>
    <property name="java.specification.version" value="17"/>
    <property name="sun.cpu.isalist" value="amd64"/>
    <property name="sun.jnu.encoding" value="Cp1252"/>
    <property name="java.class.path" value="C:\Users\upn03008\Desktop\Code Challenge 2024\task-manager-app\target\test-classes;C:\Users\upn03008\Desktop\Code Challenge 2024\task-manager-app\target\classes;C:\Users\upn03008\.m2\repository\org\junit\jupiter\junit-jupiter-engine\5.8.1\junit-jupiter-engine-5.8.1.jar;C:\Users\upn03008\.m2\repository\org\junit\platform\junit-platform-engine\1.8.1\junit-platform-engine-1.8.1.jar;C:\Users\upn03008\.m2\repository\org\opentest4j\opentest4j\1.2.0\opentest4j-1.2.0.jar;C:\Users\upn03008\.m2\repository\org\junit\platform\junit-platform-commons\1.8.1\junit-platform-commons-1.8.1.jar;C:\Users\upn03008\.m2\repository\org\junit\jupiter\junit-jupiter-api\5.8.1\junit-jupiter-api-5.8.1.jar;C:\Users\upn03008\.m2\repository\org\apiguardian\apiguardian-api\1.1.2\apiguardian-api-1.1.2.jar;"/>
    <property name="java.vm.vendor" value="Oracle Corporation"/>
    <property name="sun.arch.data.model" value="64"/>
    <property name="user.variant" value=""/>
    <property name="java.vendor.url" value="https://java.oracle.com/"/>
    <property name="user.timezone" value="Africa/Lagos"/>
    <property name="os.name" value="Windows 10"/>
    <property name="java.vm.specification.version" value="17"/>
    <property name="sun.java.launcher" value="SUN_STANDARD"/>
    <property name="user.country" value="PT"/>
    <property name="sun.boot.library.path" value="C:\Program Files\Java\jdk-17\bin"/>
    <property name="sun.java.command" value="C:\Users\upn03008\AppData\Local\Temp\surefire13699858603261653189\surefirebooter-20241105132425647_3.jar C:\Users\upn03008\AppData\Local\Temp\surefire13699858603261653189 2024-11-05T13-24-25_479-jvmRun1 surefire-20241105132425647_1tmp surefire_0-20241105132425647_2tmp"/>
    <property name="jdk.debug" value="release"/>
    <property name="surefire.test.class.path" value="C:\Users\upn03008\Desktop\Code Challenge 2024\task-manager-app\target\test-classes;C:\Users\upn03008\Desktop\Code Challenge 2024\task-manager-app\target\classes;C:\Users\upn03008\.m2\repository\org\junit\jupiter\junit-jupiter-engine\5.8.1\junit-jupiter-engine-5.8.1.jar;C:\Users\upn03008\.m2\repository\org\junit\platform\junit-platform-engine\1.8.1\junit-platform-engine-1.8.1.jar;C:\Users\upn03008\.m2\repository\org\opentest4j\opentest4j\1.2.0\opentest4j-1.2.0.jar;C:\Users\upn03008\.m2\repository\org\junit\platform\junit-platform-commons\1.8.1\junit-platform-commons-1.8.1.jar;C:\Users\upn03008\.m2\repository\org\junit\jupiter\junit-jupiter-api\5.8.1\junit-jupiter-api-5.8.1.jar;C:\Users\upn03008\.m2\repository\org\apiguardian\apiguardian-api\1.1.2\apiguardian-api-1.1.2.jar;"/>
    <property name="sun.cpu.endian" value="little"/>
    <property name="user.home" value="C:\Users\upn03008"/>
    <property name="user.language" value="pt"/>
    <property name="java.specification.vendor" value="Oracle Corporation"/>
    <property name="java.version.date" value="2021-09-14"/>
    <property name="java.home" value="C:\Program Files\Java\jdk-17"/>
    <property name="file.separator" value="\"/>
    <property name="basedir" value="C:\Users\upn03008\Desktop\Code Challenge 2024\task-manager-app"/>
    <property name="java.vm.compressedOopsMode" value="Zero based"/>
    <property name="line.separator" value="&#10;"/>
    <property name="java.vm.specification.vendor" value="Oracle Corporation"/>
    <property name="java.specification.name" value="Java Platform API Specification"/>
    <property name="surefire.real.class.path" value="C:\Users\upn03008\AppData\Local\Temp\surefire13699858603261653189\surefirebooter-20241105132425647_3.jar"/>
    <property name="user.script" value=""/>
    <property name="sun.management.compiler" value="HotSpot 64-Bit Tiered Compilers"/>
    <property name="java.runtime.version" value="17+35-LTS-2724"/>
    <property name="user.name" value="upn03008"/>
    <property name="path.separator" value=";"/>
    <property name="os.version" value="10.0"/>
    <property name="java.runtime.name" value="Java(TM) SE Runtime Environment"/>
    <property name="file.encoding" value="Cp1252"/>
    <property name="java.vm.name" value="Java HotSpot(TM) 64-Bit Server VM"/>
    <property name="localRepository" value="C:\Users\upn03008\.m2\repository"/>
    <property name="java.vendor.url.bug" value="https://bugreport.java.com/bugreport/"/>
    <property name="java.io.tmpdir" value="C:\Users\upn03008\AppData\Local\Temp\"/>
    <property name="java.version" value="17"/>
    <property name="user.dir" value="C:\Users\upn03008\Desktop\Code Challenge 2024\task-manager-app"/>
    <property name="os.arch" value="amd64"/>
    <property name="java.vm.specification.name" value="Java Virtual Machine Specification"/>
    <property name="sun.os.patch.level" value=""/>
    <property name="native.encoding" value="Cp1252"/>
    <property name="java.library.path" value="C:\Program Files\Java\jdk-17\bin;C:\WINDOWS\Sun\Java\bin;C:\WINDOWS\system32;C:\WINDOWS;C:\Program Files\PowerShell\7;C:\Python312\Scripts\;C:\Python312\;C:\Program Files\Microsoft SDKs\Azure\CLI2\wbin;C:\Program Files\Common Files\Oracle\Java\javapath;C:\Program Files (x86)\Common Files\Oracle\Java\java8path;C:\Program Files (x86)\Common Files\Oracle\Java\javapath;C:\WINDOWS\system32;C:\WINDOWS;C:\WINDOWS\System32\Wbem;C:\WINDOWS\System32\WindowsPowerShell\v1.0\;C:\WINDOWS\System32\OpenSSH\;C:\Program Files (x86)\Intel\OpenCL SDK\2.0\bin\x86;C:\Program Files (x86)\Intel\OpenCL SDK\2.0\bin\x64;C:\Program Files (x86)\IBM\Client Access\Emulator;C:\Program Files (x86)\IBM\Client Access\Shared;C:\Program Files (x86)\IBM\Client Access\;C:\Program Files\Git\cmd;C:\Program Files\PowerShell\7\;C:\Program Files\Docker\Docker\resources\bin;C:\Program Files (x86)\Microsoft SQL Server\160\DTS\Binn\;C:\Program Files\Azure Data Studio\bin;C:\Program Files\dotnet\;C:\Program Files\apache-maven-3.9.5-bin\bin;C:\Program Files\Go\bin;C:\ProgramData\chocolatey\bin;C:\Users\upn03008\AppData\Local\Programs\Python\Python312\Scripts\;C:\Users\upn03008\AppData\Local\Programs\Python\Python312\;C:\Users\upn03008\AppData\Local\Programs\Python\Launcher\;C:\Users\upn03008\AppData\Local\Microsoft\WindowsApps;C:\Users\upn03008\AppData\Local\Programs\Microsoft VS Code\bin;C:\Users\upn03008\AppData\Local\JetBrains\GoLand 2023.2\bin;;C:\Users\upn03008\go\bin;C:\Users\upn03008\.dotnet\tools;C:\Users\upn03008\AppData\Local\GitHubDesktop\bin;."/>
    <property name="java.vm.info" value="mixed mode, sharing"/>
    <property name="java.vendor" value="Oracle Corporation"/>
    <property name="java.vm.version" value="17+35-LTS-2724"/>
    <property name="sun.io.unicode.encoding" value="UnicodeLittle"/>
    <property name="java.class.version" value="61.0"/>
  </properties>
  <testcase name="atualizarTarefa_deveAtualizarDadosDaTarefa" classname="com.example.TaskManagerTest" time="0.097">
    <system-out><![CDATA[Tarefa adicionada: Task{id=36e022d6-c291-4de0-86dc-f7ba3fd45f62, titulo='Tarefa Original', descricao='Descrição Original', dataCriacao=2024-11-05, dataConclusao=2024-11-06, status=PENDENTE}
Tarefa atualizada: Task{id=36e022d6-c291-4de0-86dc-f7ba3fd45f62, titulo='Título Atualizado', descricao='Descrição Atualizada', dataCriacao=2024-11-05, dataConclusao=2024-11-07, status=EM_PROGRESSO}
]]></system-out>
  </testcase>
  <testcase name="listarTarefas_deveRetornarTarefasOrdenadasPorDataCriacao" classname="com.example.TaskManagerTest" time="0.001">
    <system-out><![CDATA[Tarefa adicionada: Task{id=50164209-36b6-4c99-aaaf-e4d8e25514e2, titulo='Tarefa 1', descricao='Descricao 1', dataCriacao=2024-11-05, dataConclusao=2024-11-06, status=PENDENTE}
Tarefa adicionada: Task{id=49496d85-a622-4d6c-91aa-f721378942cd, titulo='Tarefa 2', descricao='Descricao 2', dataCriacao=2024-11-05, dataConclusao=2024-11-07, status=PENDENTE}
]]></system-out>
  </testcase>
  <testcase name="removerTarefa_deveRemoverTarefaPorId" classname="com.example.TaskManagerTest" time="0.001">
    <system-out><![CDATA[Tarefa adicionada: Task{id=85ab79f7-e5af-4669-b041-142aefd2b863, titulo='Tarefa Removível', descricao='Descrição Removível', dataCriacao=2024-11-05, dataConclusao=2024-11-06, status=PENDENTE}
Tarefa removida com ID: 85ab79f7-e5af-4669-b041-142aefd2b863
]]></system-out>
  </testcase>
  <testcase name="adicionarTarefa_comDescricaoVazia_deveLancarExcecao" classname="com.example.TaskManagerTest" time="0.003"/>
  <testcase name="adicionarTarefa_deveAdicionarNovaTarefa" classname="com.example.TaskManagerTest" time="0.001">
    <system-out><![CDATA[Tarefa adicionada: Task{id=e09a9734-4356-48bc-8416-ede353d711aa, titulo='Tarefa Teste', descricao='Descricao da tarefa teste', dataCriacao=2024-11-05, dataConclusao=2024-11-06, status=PENDENTE}
]]></system-out>
  </testcase>
  <testcase name="adicionarTarefa_comDataConclusaoAnteriorDataCriacao_deveLancarExcecao" classname="com.example.TaskManagerTest" time="0.001"/>
  <testcase name="listarTarefasPorStatus_deveRetornarApenasTarefasComStatusEspecifico" classname="com.example.TaskManagerTest" time="0.003">
    <system-out><![CDATA[Tarefa adicionada: Task{id=debfb9a0-60a9-4b8e-a118-29d99d3d8937, titulo='Tarefa Pendente', descricao='Descrição Pendente', dataCriacao=2024-11-05, dataConclusao=2024-11-06, status=PENDENTE}
Tarefa adicionada: Task{id=8e6ada49-cf88-49c9-941c-906a133c5df7, titulo='Tarefa Concluída', descricao='Descrição Concluída', dataCriacao=2024-11-05, dataConclusao=2024-11-07, status=PENDENTE}
Tarefa atualizada: Task{id=8e6ada49-cf88-49c9-941c-906a133c5df7, titulo='Tarefa Concluída', descricao='Descrição Concluída', dataCriacao=2024-11-05, dataConclusao=2024-11-07, status=CONCLUIDA}
]]></system-out>
  </testcase>
  <testcase name="adicionarTarefa_comTituloVazio_deveLancarExcecao" classname="com.example.TaskManagerTest" time="0.002"/>
</testsuite>